
events.js:72
        throw er; // Unhandled 'error' event
              ^
Error: Using Theano backend.
modprobe: ERROR: could not insert 'nvidia_352': No such device

    at PythonShell.parseError (/home/ubuntu/emotion_based_spotify/spotifyAPITest/node_modules/python-shell/index.js:190:17)
    at terminateIfNeeded (/home/ubuntu/emotion_based_spotify/spotifyAPITest/node_modules/python-shell/index.js:98:28)
    at ChildProcess.<anonymous> (/home/ubuntu/emotion_based_spotify/spotifyAPITest/node_modules/python-shell/index.js:88:9)
    at ChildProcess.EventEmitter.emit (events.js:98:17)
    at Process.ChildProcess._handle.onexit (child_process.js:797:12)

events.js:72
        throw er; // Unhandled 'error' event
              ^
Error: Using Theano backend.
modprobe: ERROR: could not insert 'nvidia_352': No such device

    at PythonShell.parseError (/home/ubuntu/emotion_based_spotify/spotifyAPITest/node_modules/python-shell/index.js:190:17)
    at terminateIfNeeded (/home/ubuntu/emotion_based_spotify/spotifyAPITest/node_modules/python-shell/index.js:98:28)
    at ChildProcess.<anonymous> (/home/ubuntu/emotion_based_spotify/spotifyAPITest/node_modules/python-shell/index.js:88:9)
    at ChildProcess.EventEmitter.emit (events.js:98:17)
    at Process.ChildProcess._handle.onexit (child_process.js:797:12)
